
*** Running vivado
    with args -log design_1_Risc_32_bit_0_0.vds -m64 -product Vivado -mode batch -messageDb vivado.pb -notrace -source design_1_Risc_32_bit_0_0.tcl


****** Vivado v2018.1 (64-bit)
  **** SW Build 2188600 on Wed Apr  4 18:39:19 MDT 2018
  **** IP Build 2185939 on Wed Apr  4 20:55:05 MDT 2018
    ** Copyright 1986-2018 Xilinx, Inc. All Rights Reserved.

source design_1_Risc_32_bit_0_0.tcl -notrace
Command: synth_design -top design_1_Risc_32_bit_0_0 -part xc7z020clg484-1 -mode out_of_context
Starting synth_design
Attempting to get a license for feature 'Synthesis' and/or device 'xc7z020'
INFO: [Common 17-349] Got license for feature 'Synthesis' and/or device 'xc7z020'
INFO: Launching helper process for spawning children vivado processes
INFO: Helper process launched with PID 17816 
---------------------------------------------------------------------------------
Starting Synthesize : Time (s): cpu = 00:00:08 ; elapsed = 00:00:09 . Memory (MB): peak = 1435.234 ; gain = 84.898 ; free physical = 27275 ; free virtual = 112785
---------------------------------------------------------------------------------
INFO: [Synth 8-6157] synthesizing module 'design_1_Risc_32_bit_0_0' [/data1/workspace/phucph0/new/Computer-Architecture-20202/fpga/RISC-V-syn/RISC-V-syn.srcs/sources_1/bd/design_1/ip/design_1_Risc_32_bit_0_0/synth/design_1_Risc_32_bit_0_0.v:56]
WARNING: [Synth 8-4446] all outputs are unconnected for this instance and logic may be removed [/data1/workspace/phucph0/new/Computer-Architecture-20202/fpga/RISC-V-syn/RISC-V-syn.srcs/sources_1/bd/design_1/ip/design_1_Risc_32_bit_0_0/synth/design_1_Risc_32_bit_0_0.v:75]
INFO: [Synth 8-6157] synthesizing module 'Risc_32_bit' [/data1/workspace/phucph0/new/Computer-Architecture-20202/fpga/RISC-V-syn/RISC-V-syn.srcs/sources_1/bd/design_1/ipshared/26c5/src/Risc_32_bit.v:1]
	Parameter ImmSelI bound to: 3'b000 
	Parameter ImmSelS bound to: 3'b001 
	Parameter ImmSelB bound to: 3'b010 
	Parameter ImmSelJ bound to: 3'b011 
	Parameter ImmSelU bound to: 3'b100 
	Parameter ImmSelR bound to: 3'b111 
INFO: [Synth 8-6157] synthesizing module 'State_IF' [/data1/workspace/phucph0/new/Computer-Architecture-20202/fpga/RISC-V-syn/RISC-V-syn.srcs/sources_1/bd/design_1/ipshared/26c5/src/State_IF.v:1]
INFO: [Synth 8-6157] synthesizing module 'Reg_PC' [/data1/workspace/phucph0/new/Computer-Architecture-20202/fpga/RISC-V-syn/RISC-V-syn.srcs/sources_1/bd/design_1/ipshared/26c5/src/Reg_PC.v:1]
INFO: [Synth 8-6155] done synthesizing module 'Reg_PC' (1#1) [/data1/workspace/phucph0/new/Computer-Architecture-20202/fpga/RISC-V-syn/RISC-V-syn.srcs/sources_1/bd/design_1/ipshared/26c5/src/Reg_PC.v:1]
INFO: [Synth 8-6157] synthesizing module 'Instruction_Memory' [/data1/workspace/phucph0/new/Computer-Architecture-20202/fpga/RISC-V-syn/RISC-V-syn.srcs/sources_1/bd/design_1/ipshared/26c5/src/Instruction_Memory.v:1]
INFO: [Synth 8-3876] $readmem data file '/data1/workspace/phucph0/new/Computer-Architecture-20202/RISC_V/simple_run.txt' is read successfully [/data1/workspace/phucph0/new/Computer-Architecture-20202/fpga/RISC-V-syn/RISC-V-syn.srcs/sources_1/bd/design_1/ipshared/26c5/src/Instruction_Memory.v:11]
INFO: [Synth 8-6155] done synthesizing module 'Instruction_Memory' (2#1) [/data1/workspace/phucph0/new/Computer-Architecture-20202/fpga/RISC-V-syn/RISC-V-syn.srcs/sources_1/bd/design_1/ipshared/26c5/src/Instruction_Memory.v:1]
INFO: [Synth 8-6155] done synthesizing module 'State_IF' (3#1) [/data1/workspace/phucph0/new/Computer-Architecture-20202/fpga/RISC-V-syn/RISC-V-syn.srcs/sources_1/bd/design_1/ipshared/26c5/src/State_IF.v:1]
INFO: [Synth 8-6157] synthesizing module 'Reg_IF_ID' [/data1/workspace/phucph0/new/Computer-Architecture-20202/fpga/RISC-V-syn/RISC-V-syn.srcs/sources_1/bd/design_1/ipshared/26c5/src/Reg_IF_ID.sv:1]
INFO: [Synth 8-6155] done synthesizing module 'Reg_IF_ID' (4#1) [/data1/workspace/phucph0/new/Computer-Architecture-20202/fpga/RISC-V-syn/RISC-V-syn.srcs/sources_1/bd/design_1/ipshared/26c5/src/Reg_IF_ID.sv:1]
INFO: [Synth 8-6157] synthesizing module 'Control_Unit' [/data1/workspace/phucph0/new/Computer-Architecture-20202/fpga/RISC-V-syn/RISC-V-syn.srcs/sources_1/bd/design_1/ipshared/26c5/src/Control_Unit.v:1]
	Parameter ImmSelI bound to: 3'b000 
	Parameter ImmSelS bound to: 3'b001 
	Parameter ImmSelB bound to: 3'b010 
	Parameter ImmSelJ bound to: 3'b011 
	Parameter ImmSelU bound to: 3'b100 
	Parameter ImmSelR bound to: 3'b111 
	Parameter ALUadd bound to: 4'b0000 
	Parameter ALUsub bound to: 4'b0001 
	Parameter ALUsll bound to: 4'b0010 
	Parameter ALUslt bound to: 4'b0011 
	Parameter ALUsltu bound to: 4'b0100 
	Parameter ALUxor bound to: 4'b0101 
	Parameter ALUsrl bound to: 4'b0110 
	Parameter ALUsra bound to: 4'b0111 
	Parameter ALUor bound to: 4'b1000 
	Parameter ALUand bound to: 4'b1001 
	Parameter ALUnop bound to: 4'b1111 
	Parameter NoP bound to: 7'b0000000 
	Parameter R bound to: 7'b0110011 
	Parameter addi bound to: 7'b0010011 
	Parameter lw bound to: 7'b0000011 
	Parameter sw bound to: 7'b0100011 
	Parameter SB bound to: 7'b1100011 
	Parameter jalr bound to: 7'b1100111 
	Parameter jal bound to: 7'b1101111 
	Parameter auipc bound to: 7'b0010111 
INFO: [Synth 8-155] case statement is not full and has no default [/data1/workspace/phucph0/new/Computer-Architecture-20202/fpga/RISC-V-syn/RISC-V-syn.srcs/sources_1/bd/design_1/ipshared/26c5/src/Control_Unit.v:62]
INFO: [Synth 8-155] case statement is not full and has no default [/data1/workspace/phucph0/new/Computer-Architecture-20202/fpga/RISC-V-syn/RISC-V-syn.srcs/sources_1/bd/design_1/ipshared/26c5/src/Control_Unit.v:137]
INFO: [Synth 8-155] case statement is not full and has no default [/data1/workspace/phucph0/new/Computer-Architecture-20202/fpga/RISC-V-syn/RISC-V-syn.srcs/sources_1/bd/design_1/ipshared/26c5/src/Control_Unit.v:225]
INFO: [Synth 8-6155] done synthesizing module 'Control_Unit' (5#1) [/data1/workspace/phucph0/new/Computer-Architecture-20202/fpga/RISC-V-syn/RISC-V-syn.srcs/sources_1/bd/design_1/ipshared/26c5/src/Control_Unit.v:1]
INFO: [Synth 8-6157] synthesizing module 'Register_Array' [/data1/workspace/phucph0/new/Computer-Architecture-20202/fpga/RISC-V-syn/RISC-V-syn.srcs/sources_1/bd/design_1/ipshared/26c5/src/Register_Array.sv:1]
INFO: [Synth 8-6155] done synthesizing module 'Register_Array' (6#1) [/data1/workspace/phucph0/new/Computer-Architecture-20202/fpga/RISC-V-syn/RISC-V-syn.srcs/sources_1/bd/design_1/ipshared/26c5/src/Register_Array.sv:1]
INFO: [Synth 8-6157] synthesizing module 'Reg_ID_EX' [/data1/workspace/phucph0/new/Computer-Architecture-20202/fpga/RISC-V-syn/RISC-V-syn.srcs/sources_1/bd/design_1/ipshared/26c5/src/Reg_ID_EX.sv:1]
INFO: [Synth 8-6155] done synthesizing module 'Reg_ID_EX' (7#1) [/data1/workspace/phucph0/new/Computer-Architecture-20202/fpga/RISC-V-syn/RISC-V-syn.srcs/sources_1/bd/design_1/ipshared/26c5/src/Reg_ID_EX.sv:1]
INFO: [Synth 8-6157] synthesizing module 'Execute_Unit' [/data1/workspace/phucph0/new/Computer-Architecture-20202/fpga/RISC-V-syn/RISC-V-syn.srcs/sources_1/bd/design_1/ipshared/26c5/src/Execute_Unit.v:1]
INFO: [Synth 8-6157] synthesizing module 'mux2_4' [/data1/workspace/phucph0/new/Computer-Architecture-20202/fpga/RISC-V-syn/RISC-V-syn.srcs/sources_1/bd/design_1/ipshared/26c5/src/mux2_4.v:1]
	Parameter BIT_WIDTH bound to: 32 - type: integer 
INFO: [Synth 8-226] default block is never used [/data1/workspace/phucph0/new/Computer-Architecture-20202/fpga/RISC-V-syn/RISC-V-syn.srcs/sources_1/bd/design_1/ipshared/26c5/src/mux2_4.v:11]
INFO: [Synth 8-6155] done synthesizing module 'mux2_4' (8#1) [/data1/workspace/phucph0/new/Computer-Architecture-20202/fpga/RISC-V-syn/RISC-V-syn.srcs/sources_1/bd/design_1/ipshared/26c5/src/mux2_4.v:1]
INFO: [Synth 8-6157] synthesizing module 'Branch_Comparator' [/data1/workspace/phucph0/new/Computer-Architecture-20202/fpga/RISC-V-syn/RISC-V-syn.srcs/sources_1/bd/design_1/ipshared/26c5/src/Branch_Comparator.v:1]
INFO: [Synth 8-6155] done synthesizing module 'Branch_Comparator' (9#1) [/data1/workspace/phucph0/new/Computer-Architecture-20202/fpga/RISC-V-syn/RISC-V-syn.srcs/sources_1/bd/design_1/ipshared/26c5/src/Branch_Comparator.v:1]
INFO: [Synth 8-6157] synthesizing module 'ALU' [/data1/workspace/phucph0/new/Computer-Architecture-20202/fpga/RISC-V-syn/RISC-V-syn.srcs/sources_1/bd/design_1/ipshared/26c5/src/ALU.v:1]
	Parameter ALUadd bound to: 4'b0000 
	Parameter ALUsub bound to: 4'b0001 
	Parameter ALUsll bound to: 4'b0010 
	Parameter ALUslt bound to: 4'b0011 
	Parameter ALUsltu bound to: 4'b0100 
	Parameter ALUxor bound to: 4'b0101 
	Parameter ALUsrl bound to: 4'b0110 
	Parameter ALUsra bound to: 4'b0111 
	Parameter ALUor bound to: 4'b1000 
	Parameter ALUand bound to: 4'b1001 
	Parameter ALUnop bound to: 4'b1111 
INFO: [Synth 8-6155] done synthesizing module 'ALU' (10#1) [/data1/workspace/phucph0/new/Computer-Architecture-20202/fpga/RISC-V-syn/RISC-V-syn.srcs/sources_1/bd/design_1/ipshared/26c5/src/ALU.v:1]
WARNING: [Synth 8-3848] Net ex_BrEq in module/entity Execute_Unit does not have driver. [/data1/workspace/phucph0/new/Computer-Architecture-20202/fpga/RISC-V-syn/RISC-V-syn.srcs/sources_1/bd/design_1/ipshared/26c5/src/Execute_Unit.v:18]
WARNING: [Synth 8-3848] Net ex_BrLT in module/entity Execute_Unit does not have driver. [/data1/workspace/phucph0/new/Computer-Architecture-20202/fpga/RISC-V-syn/RISC-V-syn.srcs/sources_1/bd/design_1/ipshared/26c5/src/Execute_Unit.v:19]
WARNING: [Synth 8-3848] Net BrUn in module/entity Execute_Unit does not have driver. [/data1/workspace/phucph0/new/Computer-Architecture-20202/fpga/RISC-V-syn/RISC-V-syn.srcs/sources_1/bd/design_1/ipshared/26c5/src/Execute_Unit.v:53]
INFO: [Synth 8-6155] done synthesizing module 'Execute_Unit' (11#1) [/data1/workspace/phucph0/new/Computer-Architecture-20202/fpga/RISC-V-syn/RISC-V-syn.srcs/sources_1/bd/design_1/ipshared/26c5/src/Execute_Unit.v:1]
INFO: [Synth 8-6157] synthesizing module 'Imm_Gen' [/data1/workspace/phucph0/new/Computer-Architecture-20202/fpga/RISC-V-syn/RISC-V-syn.srcs/sources_1/bd/design_1/ipshared/26c5/src/Imm_Gen.v:1]
INFO: [Synth 8-6155] done synthesizing module 'Imm_Gen' (12#1) [/data1/workspace/phucph0/new/Computer-Architecture-20202/fpga/RISC-V-syn/RISC-V-syn.srcs/sources_1/bd/design_1/ipshared/26c5/src/Imm_Gen.v:1]
INFO: [Synth 8-6157] synthesizing module 'Reg_EX_MEM' [/data1/workspace/phucph0/new/Computer-Architecture-20202/fpga/RISC-V-syn/RISC-V-syn.srcs/sources_1/bd/design_1/ipshared/26c5/src/Reg_EX_MEM.sv:1]
INFO: [Synth 8-6155] done synthesizing module 'Reg_EX_MEM' (13#1) [/data1/workspace/phucph0/new/Computer-Architecture-20202/fpga/RISC-V-syn/RISC-V-syn.srcs/sources_1/bd/design_1/ipshared/26c5/src/Reg_EX_MEM.sv:1]
INFO: [Synth 8-6157] synthesizing module 'Data_Memory' [/data1/workspace/phucph0/new/Computer-Architecture-20202/fpga/RISC-V-syn/RISC-V-syn.srcs/sources_1/bd/design_1/ipshared/26c5/src/Data_Memory.v:1]
INFO: [Synth 8-3876] $readmem data file '/data1/workspace/phucph0/new/Computer-Architecture-20202/RISC_V/mem.txt' is read successfully [/data1/workspace/phucph0/new/Computer-Architecture-20202/fpga/RISC-V-syn/RISC-V-syn.srcs/sources_1/bd/design_1/ipshared/26c5/src/Data_Memory.v:15]
WARNING: [Synth 8-5788] Register memory_array_reg in module Data_Memory is has both Set and reset with same priority. This may cause simulation mismatches. Consider rewriting code 
WARNING: [Synth 8-4767] Trying to implement RAM 'memory_array_reg' in registers. Block RAM or DRAM implementation is not possible; see log for reasons.
Reason is one or more of the following :
	1: RAM is sensitive to asynchronous reset signal. this RTL style is not supported. 
RAM "memory_array_reg" dissolved into registers
INFO: [Synth 8-6155] done synthesizing module 'Data_Memory' (14#1) [/data1/workspace/phucph0/new/Computer-Architecture-20202/fpga/RISC-V-syn/RISC-V-syn.srcs/sources_1/bd/design_1/ipshared/26c5/src/Data_Memory.v:1]
INFO: [Synth 8-6157] synthesizing module 'Reg_MEM_WB' [/data1/workspace/phucph0/new/Computer-Architecture-20202/fpga/RISC-V-syn/RISC-V-syn.srcs/sources_1/bd/design_1/ipshared/26c5/src/Reg_MEM_WB.sv:1]
INFO: [Synth 8-6155] done synthesizing module 'Reg_MEM_WB' (15#1) [/data1/workspace/phucph0/new/Computer-Architecture-20202/fpga/RISC-V-syn/RISC-V-syn.srcs/sources_1/bd/design_1/ipshared/26c5/src/Reg_MEM_WB.sv:1]
INFO: [Synth 8-6157] synthesizing module 'Hazard_Detection_Unit' [/data1/workspace/phucph0/new/Computer-Architecture-20202/fpga/RISC-V-syn/RISC-V-syn.srcs/sources_1/bd/design_1/ipshared/26c5/src/Hazard_Detection_Unit.v:1]
INFO: [Synth 8-6155] done synthesizing module 'Hazard_Detection_Unit' (16#1) [/data1/workspace/phucph0/new/Computer-Architecture-20202/fpga/RISC-V-syn/RISC-V-syn.srcs/sources_1/bd/design_1/ipshared/26c5/src/Hazard_Detection_Unit.v:1]
INFO: [Synth 8-6157] synthesizing module 'Forwarding_Unit' [/data1/workspace/phucph0/new/Computer-Architecture-20202/fpga/RISC-V-syn/RISC-V-syn.srcs/sources_1/bd/design_1/ipshared/26c5/src/Forwarding_Unit.v:1]
INFO: [Synth 8-6155] done synthesizing module 'Forwarding_Unit' (17#1) [/data1/workspace/phucph0/new/Computer-Architecture-20202/fpga/RISC-V-syn/RISC-V-syn.srcs/sources_1/bd/design_1/ipshared/26c5/src/Forwarding_Unit.v:1]
INFO: [Synth 8-6155] done synthesizing module 'Risc_32_bit' (18#1) [/data1/workspace/phucph0/new/Computer-Architecture-20202/fpga/RISC-V-syn/RISC-V-syn.srcs/sources_1/bd/design_1/ipshared/26c5/src/Risc_32_bit.v:1]
INFO: [Synth 8-6155] done synthesizing module 'design_1_Risc_32_bit_0_0' (19#1) [/data1/workspace/phucph0/new/Computer-Architecture-20202/fpga/RISC-V-syn/RISC-V-syn.srcs/sources_1/bd/design_1/ip/design_1_Risc_32_bit_0_0/synth/design_1_Risc_32_bit_0_0.v:56]
WARNING: [Synth 8-3331] design Forwarding_Unit has unconnected port mem_rd[4]
WARNING: [Synth 8-3331] design Forwarding_Unit has unconnected port mem_rd[3]
WARNING: [Synth 8-3331] design Forwarding_Unit has unconnected port mem_rd[2]
WARNING: [Synth 8-3331] design Forwarding_Unit has unconnected port mem_rd[1]
WARNING: [Synth 8-3331] design Forwarding_Unit has unconnected port mem_rd[0]
WARNING: [Synth 8-3331] design Forwarding_Unit has unconnected port mem_RegWEn
WARNING: [Synth 8-3331] design Hazard_Detection_Unit has unconnected port id_rs1[4]
WARNING: [Synth 8-3331] design Hazard_Detection_Unit has unconnected port id_rs1[3]
WARNING: [Synth 8-3331] design Hazard_Detection_Unit has unconnected port id_rs1[2]
WARNING: [Synth 8-3331] design Hazard_Detection_Unit has unconnected port id_rs1[1]
WARNING: [Synth 8-3331] design Hazard_Detection_Unit has unconnected port id_rs1[0]
WARNING: [Synth 8-3331] design Data_Memory has unconnected port AddrB[31]
WARNING: [Synth 8-3331] design Data_Memory has unconnected port AddrB[30]
WARNING: [Synth 8-3331] design Data_Memory has unconnected port AddrB[29]
WARNING: [Synth 8-3331] design Data_Memory has unconnected port AddrB[28]
WARNING: [Synth 8-3331] design Data_Memory has unconnected port AddrB[27]
WARNING: [Synth 8-3331] design Data_Memory has unconnected port AddrB[26]
WARNING: [Synth 8-3331] design Data_Memory has unconnected port AddrB[25]
WARNING: [Synth 8-3331] design Data_Memory has unconnected port AddrB[24]
WARNING: [Synth 8-3331] design Data_Memory has unconnected port AddrB[23]
WARNING: [Synth 8-3331] design Data_Memory has unconnected port AddrB[22]
WARNING: [Synth 8-3331] design Data_Memory has unconnected port AddrB[21]
WARNING: [Synth 8-3331] design Data_Memory has unconnected port AddrB[20]
WARNING: [Synth 8-3331] design Data_Memory has unconnected port AddrB[19]
WARNING: [Synth 8-3331] design Data_Memory has unconnected port AddrB[18]
WARNING: [Synth 8-3331] design Data_Memory has unconnected port AddrB[17]
WARNING: [Synth 8-3331] design Data_Memory has unconnected port AddrB[16]
WARNING: [Synth 8-3331] design Data_Memory has unconnected port AddrB[15]
WARNING: [Synth 8-3331] design Data_Memory has unconnected port AddrB[14]
WARNING: [Synth 8-3331] design Data_Memory has unconnected port AddrB[13]
WARNING: [Synth 8-3331] design Data_Memory has unconnected port AddrB[12]
WARNING: [Synth 8-3331] design Data_Memory has unconnected port AddrB[11]
WARNING: [Synth 8-3331] design Data_Memory has unconnected port AddrB[10]
WARNING: [Synth 8-3331] design Data_Memory has unconnected port AddrB[9]
WARNING: [Synth 8-3331] design Data_Memory has unconnected port AddrB[8]
WARNING: [Synth 8-3331] design Data_Memory has unconnected port AddrB[7]
WARNING: [Synth 8-3331] design Data_Memory has unconnected port AddrB[6]
WARNING: [Synth 8-3331] design Data_Memory has unconnected port AddrB[5]
WARNING: [Synth 8-3331] design Data_Memory has unconnected port AddrB[4]
WARNING: [Synth 8-3331] design Imm_Gen has unconnected port clk
WARNING: [Synth 8-3331] design Imm_Gen has unconnected port rst_n
WARNING: [Synth 8-3331] design Imm_Gen has unconnected port inst[6]
WARNING: [Synth 8-3331] design Imm_Gen has unconnected port inst[5]
WARNING: [Synth 8-3331] design Imm_Gen has unconnected port inst[4]
WARNING: [Synth 8-3331] design Imm_Gen has unconnected port inst[3]
WARNING: [Synth 8-3331] design Imm_Gen has unconnected port inst[2]
WARNING: [Synth 8-3331] design Imm_Gen has unconnected port inst[1]
WARNING: [Synth 8-3331] design Imm_Gen has unconnected port inst[0]
WARNING: [Synth 8-3331] design Execute_Unit has unconnected port ex_BrEq
WARNING: [Synth 8-3331] design Execute_Unit has unconnected port ex_BrLT
WARNING: [Synth 8-3331] design Execute_Unit has unconnected port clk
WARNING: [Synth 8-3331] design Execute_Unit has unconnected port rst_n
WARNING: [Synth 8-3331] design Execute_Unit has unconnected port id_BrUn
WARNING: [Synth 8-3331] design Execute_Unit has unconnected port ex_WBSel[1]
WARNING: [Synth 8-3331] design Execute_Unit has unconnected port ex_WBSel[0]
WARNING: [Synth 8-3331] design Control_Unit has unconnected port clk
WARNING: [Synth 8-3331] design Control_Unit has unconnected port rst_n
WARNING: [Synth 8-3331] design Instruction_Memory has unconnected port pc[31]
WARNING: [Synth 8-3331] design Instruction_Memory has unconnected port pc[30]
WARNING: [Synth 8-3331] design Instruction_Memory has unconnected port pc[29]
WARNING: [Synth 8-3331] design Instruction_Memory has unconnected port pc[28]
WARNING: [Synth 8-3331] design Instruction_Memory has unconnected port pc[27]
WARNING: [Synth 8-3331] design Instruction_Memory has unconnected port pc[26]
WARNING: [Synth 8-3331] design Instruction_Memory has unconnected port pc[25]
WARNING: [Synth 8-3331] design Instruction_Memory has unconnected port pc[24]
WARNING: [Synth 8-3331] design Instruction_Memory has unconnected port pc[23]
WARNING: [Synth 8-3331] design Instruction_Memory has unconnected port pc[22]
WARNING: [Synth 8-3331] design Instruction_Memory has unconnected port pc[21]
WARNING: [Synth 8-3331] design Instruction_Memory has unconnected port pc[20]
WARNING: [Synth 8-3331] design Instruction_Memory has unconnected port pc[19]
WARNING: [Synth 8-3331] design Instruction_Memory has unconnected port pc[18]
WARNING: [Synth 8-3331] design Instruction_Memory has unconnected port pc[17]
WARNING: [Synth 8-3331] design Instruction_Memory has unconnected port pc[16]
WARNING: [Synth 8-3331] design Instruction_Memory has unconnected port pc[15]
WARNING: [Synth 8-3331] design Instruction_Memory has unconnected port pc[14]
WARNING: [Synth 8-3331] design Instruction_Memory has unconnected port pc[13]
WARNING: [Synth 8-3331] design Instruction_Memory has unconnected port pc[12]
WARNING: [Synth 8-3331] design Instruction_Memory has unconnected port pc[11]
WARNING: [Synth 8-3331] design Instruction_Memory has unconnected port pc[10]
WARNING: [Synth 8-3331] design Instruction_Memory has unconnected port pc[9]
WARNING: [Synth 8-3331] design Instruction_Memory has unconnected port pc[8]
WARNING: [Synth 8-3331] design Instruction_Memory has unconnected port pc[7]
WARNING: [Synth 8-3331] design Instruction_Memory has unconnected port pc[6]
WARNING: [Synth 8-3331] design Instruction_Memory has unconnected port pc[5]
WARNING: [Synth 8-3331] design Instruction_Memory has unconnected port pc[4]
WARNING: [Synth 8-3331] design Instruction_Memory has unconnected port pc[3]
WARNING: [Synth 8-3331] design Instruction_Memory has unconnected port clk
WARNING: [Synth 8-3331] design Instruction_Memory has unconnected port rst_n
---------------------------------------------------------------------------------
Finished Synthesize : Time (s): cpu = 00:00:09 ; elapsed = 00:00:11 . Memory (MB): peak = 1479.852 ; gain = 129.516 ; free physical = 27280 ; free virtual = 112792
---------------------------------------------------------------------------------
---------------------------------------------------------------------------------
Finished Constraint Validation : Time (s): cpu = 00:00:09 ; elapsed = 00:00:11 . Memory (MB): peak = 1479.852 ; gain = 129.516 ; free physical = 27282 ; free virtual = 112794
---------------------------------------------------------------------------------
---------------------------------------------------------------------------------
Start Loading Part and Timing Information
---------------------------------------------------------------------------------
Loading part: xc7z020clg484-1
---------------------------------------------------------------------------------
Finished Loading Part and Timing Information : Time (s): cpu = 00:00:09 ; elapsed = 00:00:11 . Memory (MB): peak = 1487.852 ; gain = 137.516 ; free physical = 27282 ; free virtual = 112794
---------------------------------------------------------------------------------
INFO: [Device 21-403] Loading part xc7z020clg484-1
INFO: [Synth 8-5544] ROM "instruction_memory" won't be mapped to Block RAM because address size (3) smaller than threshold (5)
INFO: [Synth 8-5546] ROM "ALUSel" won't be mapped to RAM because it is too sparse
INFO: [Synth 8-5546] ROM "regs_reg[0]" won't be mapped to RAM because it is too sparse
INFO: [Synth 8-5546] ROM "regs_reg[1]" won't be mapped to RAM because it is too sparse
INFO: [Synth 8-5546] ROM "regs_reg[2]" won't be mapped to RAM because it is too sparse
INFO: [Synth 8-5546] ROM "regs_reg[3]" won't be mapped to RAM because it is too sparse
INFO: [Synth 8-5546] ROM "regs_reg[4]" won't be mapped to RAM because it is too sparse
INFO: [Synth 8-5546] ROM "regs_reg[5]" won't be mapped to RAM because it is too sparse
INFO: [Synth 8-5546] ROM "regs_reg[6]" won't be mapped to RAM because it is too sparse
INFO: [Synth 8-5546] ROM "regs_reg[7]" won't be mapped to RAM because it is too sparse
INFO: [Synth 8-5546] ROM "regs_reg[8]" won't be mapped to RAM because it is too sparse
INFO: [Synth 8-5546] ROM "regs_reg[9]" won't be mapped to RAM because it is too sparse
INFO: [Synth 8-5546] ROM "regs_reg[10]" won't be mapped to RAM because it is too sparse
INFO: [Synth 8-5546] ROM "regs_reg[11]" won't be mapped to RAM because it is too sparse
INFO: [Synth 8-5546] ROM "regs_reg[12]" won't be mapped to RAM because it is too sparse
INFO: [Synth 8-5546] ROM "regs_reg[13]" won't be mapped to RAM because it is too sparse
INFO: [Synth 8-5546] ROM "regs_reg[14]" won't be mapped to RAM because it is too sparse
INFO: [Synth 8-5546] ROM "regs_reg[15]" won't be mapped to RAM because it is too sparse
INFO: [Synth 8-5546] ROM "regs_reg[16]" won't be mapped to RAM because it is too sparse
INFO: [Synth 8-5546] ROM "regs_reg[17]" won't be mapped to RAM because it is too sparse
INFO: [Synth 8-5546] ROM "regs_reg[18]" won't be mapped to RAM because it is too sparse
INFO: [Synth 8-5546] ROM "regs_reg[19]" won't be mapped to RAM because it is too sparse
INFO: [Synth 8-5546] ROM "regs_reg[20]" won't be mapped to RAM because it is too sparse
INFO: [Synth 8-5546] ROM "regs_reg[21]" won't be mapped to RAM because it is too sparse
INFO: [Synth 8-5546] ROM "regs_reg[22]" won't be mapped to RAM because it is too sparse
INFO: [Synth 8-5546] ROM "regs_reg[23]" won't be mapped to RAM because it is too sparse
INFO: [Synth 8-5546] ROM "regs_reg[24]" won't be mapped to RAM because it is too sparse
INFO: [Synth 8-5546] ROM "regs_reg[25]" won't be mapped to RAM because it is too sparse
INFO: [Synth 8-5546] ROM "regs_reg[26]" won't be mapped to RAM because it is too sparse
INFO: [Synth 8-5546] ROM "regs_reg[27]" won't be mapped to RAM because it is too sparse
INFO: [Synth 8-5546] ROM "regs_reg[28]" won't be mapped to RAM because it is too sparse
INFO: [Synth 8-5546] ROM "regs_reg[29]" won't be mapped to RAM because it is too sparse
INFO: [Synth 8-5546] ROM "regs_reg[30]" won't be mapped to RAM because it is too sparse
INFO: [Synth 8-5546] ROM "regs_reg[31]" won't be mapped to RAM because it is too sparse
INFO: [Synth 8-5545] ROM "zero_flag" won't be mapped to RAM because address size (32) is larger than maximum supported(25)
WARNING: [Synth 8-327] inferring latch for variable 'ImmSel_reg' [/data1/workspace/phucph0/new/Computer-Architecture-20202/fpga/RISC-V-syn/RISC-V-syn.srcs/sources_1/bd/design_1/ipshared/26c5/src/Control_Unit.v:66]
WARNING: [Synth 8-327] inferring latch for variable 'PCSel_reg' [/data1/workspace/phucph0/new/Computer-Architecture-20202/fpga/RISC-V-syn/RISC-V-syn.srcs/sources_1/bd/design_1/ipshared/26c5/src/Control_Unit.v:65]
WARNING: [Synth 8-327] inferring latch for variable 'BrUn_reg' [/data1/workspace/phucph0/new/Computer-Architecture-20202/fpga/RISC-V-syn/RISC-V-syn.srcs/sources_1/bd/design_1/ipshared/26c5/src/Control_Unit.v:67]
WARNING: [Synth 8-327] inferring latch for variable 'ASel_reg' [/data1/workspace/phucph0/new/Computer-Architecture-20202/fpga/RISC-V-syn/RISC-V-syn.srcs/sources_1/bd/design_1/ipshared/26c5/src/Control_Unit.v:68]
WARNING: [Synth 8-327] inferring latch for variable 'BSel_reg' [/data1/workspace/phucph0/new/Computer-Architecture-20202/fpga/RISC-V-syn/RISC-V-syn.srcs/sources_1/bd/design_1/ipshared/26c5/src/Control_Unit.v:69]
WARNING: [Synth 8-327] inferring latch for variable 'MemRW_reg' [/data1/workspace/phucph0/new/Computer-Architecture-20202/fpga/RISC-V-syn/RISC-V-syn.srcs/sources_1/bd/design_1/ipshared/26c5/src/Control_Unit.v:71]
WARNING: [Synth 8-327] inferring latch for variable 'RegWEn_reg' [/data1/workspace/phucph0/new/Computer-Architecture-20202/fpga/RISC-V-syn/RISC-V-syn.srcs/sources_1/bd/design_1/ipshared/26c5/src/Control_Unit.v:72]
WARNING: [Synth 8-327] inferring latch for variable 'WBSel_reg' [/data1/workspace/phucph0/new/Computer-Architecture-20202/fpga/RISC-V-syn/RISC-V-syn.srcs/sources_1/bd/design_1/ipshared/26c5/src/Control_Unit.v:73]
WARNING: [Synth 8-327] inferring latch for variable 'ALUSel_reg' [/data1/workspace/phucph0/new/Computer-Architecture-20202/fpga/RISC-V-syn/RISC-V-syn.srcs/sources_1/bd/design_1/ipshared/26c5/src/Control_Unit.v:57]
---------------------------------------------------------------------------------
Finished RTL Optimization Phase 2 : Time (s): cpu = 00:00:10 ; elapsed = 00:00:12 . Memory (MB): peak = 1504.875 ; gain = 154.539 ; free physical = 27269 ; free virtual = 112781
---------------------------------------------------------------------------------

Report RTL Partitions: 
+-+--------------+------------+----------+
| |RTL Partition |Replication |Instances |
+-+--------------+------------+----------+
+-+--------------+------------+----------+
No constraint files found.
---------------------------------------------------------------------------------
Start RTL Component Statistics 
---------------------------------------------------------------------------------
Detailed RTL Component Info : 
+---Adders : 
	   2 Input     32 Bit       Adders := 2     
	   3 Input     32 Bit       Adders := 1     
	   2 Input      6 Bit       Adders := 1     
+---XORs : 
	   2 Input     32 Bit         XORs := 1     
+---Registers : 
	               32 Bit    Registers := 57    
	                5 Bit    Registers := 6     
	                4 Bit    Registers := 1     
	                3 Bit    Registers := 1     
	                2 Bit    Registers := 2     
	                1 Bit    Registers := 9     
+---Muxes : 
	   2 Input     32 Bit        Muxes := 8     
	   9 Input     32 Bit        Muxes := 1     
	   4 Input     32 Bit        Muxes := 3     
	   2 Input      7 Bit        Muxes := 1     
	   2 Input      5 Bit        Muxes := 3     
	  10 Input      4 Bit        Muxes := 2     
	  10 Input      3 Bit        Muxes := 1     
	   2 Input      3 Bit        Muxes := 1     
	   2 Input      2 Bit        Muxes := 2     
	  10 Input      2 Bit        Muxes := 4     
	   2 Input      1 Bit        Muxes := 46    
	   3 Input      1 Bit        Muxes := 4     
	   8 Input      1 Bit        Muxes := 2     
	   5 Input      1 Bit        Muxes := 3     
	  10 Input      1 Bit        Muxes := 7     
---------------------------------------------------------------------------------
Finished RTL Component Statistics 
---------------------------------------------------------------------------------
---------------------------------------------------------------------------------
Start RTL Hierarchical Component Statistics 
---------------------------------------------------------------------------------
Hierarchical RTL Component report 
Module Reg_PC 
Detailed RTL Component Info : 
+---Muxes : 
	   2 Input     32 Bit        Muxes := 1     
Module Instruction_Memory 
Detailed RTL Component Info : 
+---Muxes : 
	   9 Input     32 Bit        Muxes := 1     
Module Reg_IF_ID 
Detailed RTL Component Info : 
+---Registers : 
	               32 Bit    Registers := 2     
Module Control_Unit 
Detailed RTL Component Info : 
+---Muxes : 
	  10 Input      4 Bit        Muxes := 2     
	  10 Input      3 Bit        Muxes := 1     
	   2 Input      2 Bit        Muxes := 2     
	  10 Input      2 Bit        Muxes := 4     
	   2 Input      1 Bit        Muxes := 1     
	   3 Input      1 Bit        Muxes := 4     
	   8 Input      1 Bit        Muxes := 2     
	   5 Input      1 Bit        Muxes := 3     
	  10 Input      1 Bit        Muxes := 7     
Module Register_Array 
Detailed RTL Component Info : 
+---Registers : 
	               32 Bit    Registers := 32    
+---Muxes : 
	   2 Input     32 Bit        Muxes := 4     
	   2 Input      1 Bit        Muxes := 32    
Module Reg_ID_EX 
Detailed RTL Component Info : 
+---Registers : 
	               32 Bit    Registers := 4     
	                5 Bit    Registers := 3     
	                4 Bit    Registers := 1     
	                3 Bit    Registers := 1     
	                2 Bit    Registers := 1     
	                1 Bit    Registers := 6     
Module mux2_4 
Detailed RTL Component Info : 
+---Muxes : 
	   4 Input     32 Bit        Muxes := 1     
Module Branch_Comparator 
Detailed RTL Component Info : 
+---Muxes : 
	   2 Input      1 Bit        Muxes := 2     
Module ALU 
Detailed RTL Component Info : 
+---Adders : 
	   2 Input     32 Bit       Adders := 1     
	   3 Input     32 Bit       Adders := 1     
	   2 Input      6 Bit       Adders := 1     
+---XORs : 
	   2 Input     32 Bit         XORs := 1     
+---Muxes : 
	   2 Input      1 Bit        Muxes := 1     
Module Execute_Unit 
Detailed RTL Component Info : 
+---Muxes : 
	   2 Input     32 Bit        Muxes := 2     
Module Reg_EX_MEM 
Detailed RTL Component Info : 
+---Registers : 
	               32 Bit    Registers := 4     
	                5 Bit    Registers := 2     
	                2 Bit    Registers := 1     
	                1 Bit    Registers := 2     
Module Data_Memory 
Detailed RTL Component Info : 
+---Registers : 
	               32 Bit    Registers := 10    
+---Muxes : 
	   2 Input     32 Bit        Muxes := 1     
	   2 Input      1 Bit        Muxes := 10    
Module Reg_MEM_WB 
Detailed RTL Component Info : 
+---Registers : 
	               32 Bit    Registers := 5     
	                5 Bit    Registers := 1     
	                1 Bit    Registers := 1     
Module Risc_32_bit 
Detailed RTL Component Info : 
+---Adders : 
	   2 Input     32 Bit       Adders := 1     
+---Muxes : 
	   2 Input      7 Bit        Muxes := 1     
	   2 Input      5 Bit        Muxes := 3     
	   2 Input      3 Bit        Muxes := 1     
---------------------------------------------------------------------------------
Finished RTL Hierarchical Component Statistics
---------------------------------------------------------------------------------
---------------------------------------------------------------------------------
Start Part Resource Summary
---------------------------------------------------------------------------------
Part Resources:
DSPs: 220 (col length:60)
BRAMs: 280 (col length: RAMB18 60 RAMB36 30)
---------------------------------------------------------------------------------
Finished Part Resource Summary
---------------------------------------------------------------------------------
No constraint files found.
---------------------------------------------------------------------------------
Start Cross Boundary and Area Optimization
---------------------------------------------------------------------------------
Warning: Parallel synthesis criteria is not met 
INFO: [Synth 8-5545] ROM "zero_flag" won't be mapped to RAM because address size (32) is larger than maximum supported(25)
WARNING: [Synth 8-6014] Unused sequential element inst/Reg_ID_EX/ex_PCSel_reg was removed.  [/data1/workspace/phucph0/new/Computer-Architecture-20202/fpga/RISC-V-syn/RISC-V-syn.srcs/sources_1/bd/design_1/ipshared/26c5/src/Reg_ID_EX.sv:46]
WARNING: [Synth 8-6014] Unused sequential element inst/Reg_EX_MEM/mem_imm_reg was removed.  [/data1/workspace/phucph0/new/Computer-Architecture-20202/fpga/RISC-V-syn/RISC-V-syn.srcs/sources_1/bd/design_1/ipshared/26c5/src/Reg_EX_MEM.sv:32]
WARNING: [Synth 8-6014] Unused sequential element inst/Reg_EX_MEM/mem_rs2_reg was removed.  [/data1/workspace/phucph0/new/Computer-Architecture-20202/fpga/RISC-V-syn/RISC-V-syn.srcs/sources_1/bd/design_1/ipshared/26c5/src/Reg_EX_MEM.sv:36]
WARNING: [Synth 8-6014] Unused sequential element inst/Reg_EX_MEM/mem_DataB_reg was removed.  [/data1/workspace/phucph0/new/Computer-Architecture-20202/fpga/RISC-V-syn/RISC-V-syn.srcs/sources_1/bd/design_1/ipshared/26c5/src/Reg_EX_MEM.sv:31]
WARNING: [Synth 8-6014] Unused sequential element inst/Reg_MEM_WB_i/wb_ALU_out_reg was removed.  [/data1/workspace/phucph0/new/Computer-Architecture-20202/fpga/RISC-V-syn/RISC-V-syn.srcs/sources_1/bd/design_1/ipshared/26c5/src/Reg_MEM_WB.sv:26]
WARNING: [Synth 8-6014] Unused sequential element inst/Reg_MEM_WB_i/wb_DataB_reg was removed.  [/data1/workspace/phucph0/new/Computer-Architecture-20202/fpga/RISC-V-syn/RISC-V-syn.srcs/sources_1/bd/design_1/ipshared/26c5/src/Reg_MEM_WB.sv:27]
WARNING: [Synth 8-6014] Unused sequential element inst/Reg_MEM_WB_i/wb_pc_reg was removed.  [/data1/workspace/phucph0/new/Computer-Architecture-20202/fpga/RISC-V-syn/RISC-V-syn.srcs/sources_1/bd/design_1/ipshared/26c5/src/Reg_MEM_WB.sv:25]
WARNING: [Synth 8-6014] Unused sequential element inst/Reg_MEM_WB_i/wb_imm_reg was removed.  [/data1/workspace/phucph0/new/Computer-Architecture-20202/fpga/RISC-V-syn/RISC-V-syn.srcs/sources_1/bd/design_1/ipshared/26c5/src/Reg_MEM_WB.sv:28]
WARNING: [Synth 8-3331] design Execute_Unit has unconnected port ex_BrEq
WARNING: [Synth 8-3331] design Execute_Unit has unconnected port ex_BrLT
WARNING: [Synth 8-3331] design Execute_Unit has unconnected port clk
WARNING: [Synth 8-3331] design Execute_Unit has unconnected port rst_n
WARNING: [Synth 8-3331] design Execute_Unit has unconnected port id_BrUn
WARNING: [Synth 8-3331] design Execute_Unit has unconnected port ex_WBSel[1]
WARNING: [Synth 8-3331] design Execute_Unit has unconnected port ex_WBSel[0]
INFO: [Synth 8-3332] Sequential element (inst/Control_Unit_i/ImmSel_reg[2]) is unused and will be removed from module design_1_Risc_32_bit_0_0.
INFO: [Synth 8-3332] Sequential element (inst/Control_Unit_i/ImmSel_reg[1]) is unused and will be removed from module design_1_Risc_32_bit_0_0.
INFO: [Synth 8-3332] Sequential element (inst/Control_Unit_i/ImmSel_reg[0]) is unused and will be removed from module design_1_Risc_32_bit_0_0.
INFO: [Synth 8-3332] Sequential element (inst/Control_Unit_i/PCSel_reg) is unused and will be removed from module design_1_Risc_32_bit_0_0.
INFO: [Synth 8-3332] Sequential element (inst/Control_Unit_i/BrUn_reg) is unused and will be removed from module design_1_Risc_32_bit_0_0.
INFO: [Synth 8-3332] Sequential element (inst/Control_Unit_i/ASel_reg) is unused and will be removed from module design_1_Risc_32_bit_0_0.
INFO: [Synth 8-3332] Sequential element (inst/Control_Unit_i/BSel_reg) is unused and will be removed from module design_1_Risc_32_bit_0_0.
INFO: [Synth 8-3332] Sequential element (inst/Control_Unit_i/MemRW_reg) is unused and will be removed from module design_1_Risc_32_bit_0_0.
INFO: [Synth 8-3332] Sequential element (inst/Control_Unit_i/RegWEn_reg) is unused and will be removed from module design_1_Risc_32_bit_0_0.
INFO: [Synth 8-3332] Sequential element (inst/Control_Unit_i/WBSel_reg[1]) is unused and will be removed from module design_1_Risc_32_bit_0_0.
INFO: [Synth 8-3332] Sequential element (inst/Control_Unit_i/WBSel_reg[0]) is unused and will be removed from module design_1_Risc_32_bit_0_0.
INFO: [Synth 8-3332] Sequential element (inst/Control_Unit_i/ALUSel_reg[3]) is unused and will be removed from module design_1_Risc_32_bit_0_0.
INFO: [Synth 8-3332] Sequential element (inst/Control_Unit_i/ALUSel_reg[2]) is unused and will be removed from module design_1_Risc_32_bit_0_0.
INFO: [Synth 8-3332] Sequential element (inst/Control_Unit_i/ALUSel_reg[1]) is unused and will be removed from module design_1_Risc_32_bit_0_0.
INFO: [Synth 8-3332] Sequential element (inst/Control_Unit_i/ALUSel_reg[0]) is unused and will be removed from module design_1_Risc_32_bit_0_0.
WARNING: [Synth 8-3332] Sequential element (regs_reg[0][31]) is unused and will be removed from module Register_Array.
WARNING: [Synth 8-3332] Sequential element (regs_reg[0][30]) is unused and will be removed from module Register_Array.
WARNING: [Synth 8-3332] Sequential element (regs_reg[0][29]) is unused and will be removed from module Register_Array.
WARNING: [Synth 8-3332] Sequential element (regs_reg[0][28]) is unused and will be removed from module Register_Array.
WARNING: [Synth 8-3332] Sequential element (regs_reg[0][27]) is unused and will be removed from module Register_Array.
WARNING: [Synth 8-3332] Sequential element (regs_reg[0][26]) is unused and will be removed from module Register_Array.
WARNING: [Synth 8-3332] Sequential element (regs_reg[0][25]) is unused and will be removed from module Register_Array.
WARNING: [Synth 8-3332] Sequential element (regs_reg[0][24]) is unused and will be removed from module Register_Array.
WARNING: [Synth 8-3332] Sequential element (regs_reg[0][23]) is unused and will be removed from module Register_Array.
WARNING: [Synth 8-3332] Sequential element (regs_reg[0][22]) is unused and will be removed from module Register_Array.
WARNING: [Synth 8-3332] Sequential element (regs_reg[0][21]) is unused and will be removed from module Register_Array.
WARNING: [Synth 8-3332] Sequential element (regs_reg[0][20]) is unused and will be removed from module Register_Array.
WARNING: [Synth 8-3332] Sequential element (regs_reg[0][19]) is unused and will be removed from module Register_Array.
WARNING: [Synth 8-3332] Sequential element (regs_reg[0][18]) is unused and will be removed from module Register_Array.
WARNING: [Synth 8-3332] Sequential element (regs_reg[0][17]) is unused and will be removed from module Register_Array.
WARNING: [Synth 8-3332] Sequential element (regs_reg[0][16]) is unused and will be removed from module Register_Array.
WARNING: [Synth 8-3332] Sequential element (regs_reg[0][15]) is unused and will be removed from module Register_Array.
WARNING: [Synth 8-3332] Sequential element (regs_reg[0][14]) is unused and will be removed from module Register_Array.
WARNING: [Synth 8-3332] Sequential element (regs_reg[0][13]) is unused and will be removed from module Register_Array.
WARNING: [Synth 8-3332] Sequential element (regs_reg[0][12]) is unused and will be removed from module Register_Array.
WARNING: [Synth 8-3332] Sequential element (regs_reg[0][11]) is unused and will be removed from module Register_Array.
WARNING: [Synth 8-3332] Sequential element (regs_reg[0][10]) is unused and will be removed from module Register_Array.
WARNING: [Synth 8-3332] Sequential element (regs_reg[0][9]) is unused and will be removed from module Register_Array.
WARNING: [Synth 8-3332] Sequential element (regs_reg[0][8]) is unused and will be removed from module Register_Array.
WARNING: [Synth 8-3332] Sequential element (regs_reg[0][7]) is unused and will be removed from module Register_Array.
WARNING: [Synth 8-3332] Sequential element (regs_reg[0][6]) is unused and will be removed from module Register_Array.
WARNING: [Synth 8-3332] Sequential element (regs_reg[0][5]) is unused and will be removed from module Register_Array.
WARNING: [Synth 8-3332] Sequential element (regs_reg[0][4]) is unused and will be removed from module Register_Array.
WARNING: [Synth 8-3332] Sequential element (regs_reg[0][3]) is unused and will be removed from module Register_Array.
WARNING: [Synth 8-3332] Sequential element (regs_reg[0][2]) is unused and will be removed from module Register_Array.
WARNING: [Synth 8-3332] Sequential element (regs_reg[0][1]) is unused and will be removed from module Register_Array.
WARNING: [Synth 8-3332] Sequential element (regs_reg[0][0]) is unused and will be removed from module Register_Array.
WARNING: [Synth 8-3332] Sequential element (regs_reg[1][31]) is unused and will be removed from module Register_Array.
WARNING: [Synth 8-3332] Sequential element (regs_reg[1][30]) is unused and will be removed from module Register_Array.
WARNING: [Synth 8-3332] Sequential element (regs_reg[1][29]) is unused and will be removed from module Register_Array.
WARNING: [Synth 8-3332] Sequential element (regs_reg[1][28]) is unused and will be removed from module Register_Array.
WARNING: [Synth 8-3332] Sequential element (regs_reg[1][27]) is unused and will be removed from module Register_Array.
WARNING: [Synth 8-3332] Sequential element (regs_reg[1][26]) is unused and will be removed from module Register_Array.
WARNING: [Synth 8-3332] Sequential element (regs_reg[1][25]) is unused and will be removed from module Register_Array.
WARNING: [Synth 8-3332] Sequential element (regs_reg[1][24]) is unused and will be removed from module Register_Array.
WARNING: [Synth 8-3332] Sequential element (regs_reg[1][23]) is unused and will be removed from module Register_Array.
WARNING: [Synth 8-3332] Sequential element (regs_reg[1][22]) is unused and will be removed from module Register_Array.
WARNING: [Synth 8-3332] Sequential element (regs_reg[1][21]) is unused and will be removed from module Register_Array.
WARNING: [Synth 8-3332] Sequential element (regs_reg[1][20]) is unused and will be removed from module Register_Array.
WARNING: [Synth 8-3332] Sequential element (regs_reg[1][19]) is unused and will be removed from module Register_Array.
WARNING: [Synth 8-3332] Sequential element (regs_reg[1][18]) is unused and will be removed from module Register_Array.
WARNING: [Synth 8-3332] Sequential element (regs_reg[1][17]) is unused and will be removed from module Register_Array.
WARNING: [Synth 8-3332] Sequential element (regs_reg[1][16]) is unused and will be removed from module Register_Array.
WARNING: [Synth 8-3332] Sequential element (regs_reg[1][15]) is unused and will be removed from module Register_Array.
WARNING: [Synth 8-3332] Sequential element (regs_reg[1][14]) is unused and will be removed from module Register_Array.
WARNING: [Synth 8-3332] Sequential element (regs_reg[1][13]) is unused and will be removed from module Register_Array.
WARNING: [Synth 8-3332] Sequential element (regs_reg[1][12]) is unused and will be removed from module Register_Array.
WARNING: [Synth 8-3332] Sequential element (regs_reg[1][11]) is unused and will be removed from module Register_Array.
WARNING: [Synth 8-3332] Sequential element (regs_reg[1][10]) is unused and will be removed from module Register_Array.
WARNING: [Synth 8-3332] Sequential element (regs_reg[1][9]) is unused and will be removed from module Register_Array.
WARNING: [Synth 8-3332] Sequential element (regs_reg[1][8]) is unused and will be removed from module Register_Array.
WARNING: [Synth 8-3332] Sequential element (regs_reg[1][7]) is unused and will be removed from module Register_Array.
WARNING: [Synth 8-3332] Sequential element (regs_reg[1][6]) is unused and will be removed from module Register_Array.
WARNING: [Synth 8-3332] Sequential element (regs_reg[1][5]) is unused and will be removed from module Register_Array.
WARNING: [Synth 8-3332] Sequential element (regs_reg[1][4]) is unused and will be removed from module Register_Array.
WARNING: [Synth 8-3332] Sequential element (regs_reg[1][3]) is unused and will be removed from module Register_Array.
WARNING: [Synth 8-3332] Sequential element (regs_reg[1][2]) is unused and will be removed from module Register_Array.
WARNING: [Synth 8-3332] Sequential element (regs_reg[1][1]) is unused and will be removed from module Register_Array.
WARNING: [Synth 8-3332] Sequential element (regs_reg[1][0]) is unused and will be removed from module Register_Array.
WARNING: [Synth 8-3332] Sequential element (regs_reg[2][31]) is unused and will be removed from module Register_Array.
WARNING: [Synth 8-3332] Sequential element (regs_reg[2][30]) is unused and will be removed from module Register_Array.
WARNING: [Synth 8-3332] Sequential element (regs_reg[2][29]) is unused and will be removed from module Register_Array.
WARNING: [Synth 8-3332] Sequential element (regs_reg[2][28]) is unused and will be removed from module Register_Array.
WARNING: [Synth 8-3332] Sequential element (regs_reg[2][27]) is unused and will be removed from module Register_Array.
WARNING: [Synth 8-3332] Sequential element (regs_reg[2][26]) is unused and will be removed from module Register_Array.
WARNING: [Synth 8-3332] Sequential element (regs_reg[2][25]) is unused and will be removed from module Register_Array.
WARNING: [Synth 8-3332] Sequential element (regs_reg[2][24]) is unused and will be removed from module Register_Array.
WARNING: [Synth 8-3332] Sequential element (regs_reg[2][23]) is unused and will be removed from module Register_Array.
WARNING: [Synth 8-3332] Sequential element (regs_reg[2][22]) is unused and will be removed from module Register_Array.
WARNING: [Synth 8-3332] Sequential element (regs_reg[2][21]) is unused and will be removed from module Register_Array.
WARNING: [Synth 8-3332] Sequential element (regs_reg[2][20]) is unused and will be removed from module Register_Array.
WARNING: [Synth 8-3332] Sequential element (regs_reg[2][19]) is unused and will be removed from module Register_Array.
WARNING: [Synth 8-3332] Sequential element (regs_reg[2][18]) is unused and will be removed from module Register_Array.
WARNING: [Synth 8-3332] Sequential element (regs_reg[2][17]) is unused and will be removed from module Register_Array.
WARNING: [Synth 8-3332] Sequential element (regs_reg[2][16]) is unused and will be removed from module Register_Array.
WARNING: [Synth 8-3332] Sequential element (regs_reg[2][15]) is unused and will be removed from module Register_Array.
WARNING: [Synth 8-3332] Sequential element (regs_reg[2][14]) is unused and will be removed from module Register_Array.
WARNING: [Synth 8-3332] Sequential element (regs_reg[2][13]) is unused and will be removed from module Register_Array.
WARNING: [Synth 8-3332] Sequential element (regs_reg[2][12]) is unused and will be removed from module Register_Array.
WARNING: [Synth 8-3332] Sequential element (regs_reg[2][11]) is unused and will be removed from module Register_Array.
INFO: [Common 17-14] Message 'Synth 8-3332' appears 100 times and further instances of the messages will be disabled. Use the Tcl command set_msg_config to change the current settings.
---------------------------------------------------------------------------------
Finished Cross Boundary and Area Optimization : Time (s): cpu = 00:00:18 ; elapsed = 00:00:57 . Memory (MB): peak = 1620.574 ; gain = 270.238 ; free physical = 26957 ; free virtual = 112609
---------------------------------------------------------------------------------

Report RTL Partitions: 
+-+--------------+------------+----------+
| |RTL Partition |Replication |Instances |
+-+--------------+------------+----------+
+-+--------------+------------+----------+
No constraint files found.
---------------------------------------------------------------------------------
Start Timing Optimization
---------------------------------------------------------------------------------
---------------------------------------------------------------------------------
Finished Timing Optimization : Time (s): cpu = 00:00:18 ; elapsed = 00:00:57 . Memory (MB): peak = 1620.578 ; gain = 270.242 ; free physical = 26959 ; free virtual = 112611
---------------------------------------------------------------------------------

Report RTL Partitions: 
+-+--------------+------------+----------+
| |RTL Partition |Replication |Instances |
+-+--------------+------------+----------+
+-+--------------+------------+----------+
---------------------------------------------------------------------------------
Start Technology Mapping
---------------------------------------------------------------------------------
---------------------------------------------------------------------------------
Finished Technology Mapping : Time (s): cpu = 00:00:18 ; elapsed = 00:00:57 . Memory (MB): peak = 1620.578 ; gain = 270.242 ; free physical = 26960 ; free virtual = 112611
---------------------------------------------------------------------------------

Report RTL Partitions: 
+-+--------------+------------+----------+
| |RTL Partition |Replication |Instances |
+-+--------------+------------+----------+
+-+--------------+------------+----------+
---------------------------------------------------------------------------------
Start IO Insertion
---------------------------------------------------------------------------------
---------------------------------------------------------------------------------
Start Flattening Before IO Insertion
---------------------------------------------------------------------------------
---------------------------------------------------------------------------------
Finished Flattening Before IO Insertion
---------------------------------------------------------------------------------
---------------------------------------------------------------------------------
Start Final Netlist Cleanup
---------------------------------------------------------------------------------
---------------------------------------------------------------------------------
Finished Final Netlist Cleanup
---------------------------------------------------------------------------------
---------------------------------------------------------------------------------
Finished IO Insertion : Time (s): cpu = 00:00:19 ; elapsed = 00:00:58 . Memory (MB): peak = 1620.578 ; gain = 270.242 ; free physical = 26963 ; free virtual = 112611
---------------------------------------------------------------------------------

Report Check Netlist: 
+------+------------------+-------+---------+-------+------------------+
|      |Item              |Errors |Warnings |Status |Description       |
+------+------------------+-------+---------+-------+------------------+
|1     |multi_driven_nets |      0|        0|Passed |Multi driven nets |
+------+------------------+-------+---------+-------+------------------+
---------------------------------------------------------------------------------
Start Renaming Generated Instances
---------------------------------------------------------------------------------
---------------------------------------------------------------------------------
Finished Renaming Generated Instances : Time (s): cpu = 00:00:19 ; elapsed = 00:00:58 . Memory (MB): peak = 1620.578 ; gain = 270.242 ; free physical = 26963 ; free virtual = 112611
---------------------------------------------------------------------------------

Report RTL Partitions: 
+-+--------------+------------+----------+
| |RTL Partition |Replication |Instances |
+-+--------------+------------+----------+
+-+--------------+------------+----------+
---------------------------------------------------------------------------------
Start Rebuilding User Hierarchy
---------------------------------------------------------------------------------
---------------------------------------------------------------------------------
Finished Rebuilding User Hierarchy : Time (s): cpu = 00:00:19 ; elapsed = 00:00:58 . Memory (MB): peak = 1620.578 ; gain = 270.242 ; free physical = 26963 ; free virtual = 112611
---------------------------------------------------------------------------------
---------------------------------------------------------------------------------
Start Renaming Generated Ports
---------------------------------------------------------------------------------
---------------------------------------------------------------------------------
Finished Renaming Generated Ports : Time (s): cpu = 00:00:19 ; elapsed = 00:00:58 . Memory (MB): peak = 1620.578 ; gain = 270.242 ; free physical = 26963 ; free virtual = 112611
---------------------------------------------------------------------------------
---------------------------------------------------------------------------------
Start Handling Custom Attributes
---------------------------------------------------------------------------------
---------------------------------------------------------------------------------
Finished Handling Custom Attributes : Time (s): cpu = 00:00:19 ; elapsed = 00:00:58 . Memory (MB): peak = 1620.578 ; gain = 270.242 ; free physical = 26963 ; free virtual = 112610
---------------------------------------------------------------------------------
---------------------------------------------------------------------------------
Start Renaming Generated Nets
---------------------------------------------------------------------------------
---------------------------------------------------------------------------------
Finished Renaming Generated Nets : Time (s): cpu = 00:00:19 ; elapsed = 00:00:58 . Memory (MB): peak = 1620.578 ; gain = 270.242 ; free physical = 26963 ; free virtual = 112611
---------------------------------------------------------------------------------
---------------------------------------------------------------------------------
Start Writing Synthesis Report
---------------------------------------------------------------------------------

Report BlackBoxes: 
+-+--------------+----------+
| |BlackBox name |Instances |
+-+--------------+----------+
+-+--------------+----------+

Report Cell Usage: 
+-+-----+------+
| |Cell |Count |
+-+-----+------+
+-+-----+------+

Report Instance Areas: 
+------+---------+-------+------+
|      |Instance |Module |Cells |
+------+---------+-------+------+
|1     |top      |       |     0|
+------+---------+-------+------+
---------------------------------------------------------------------------------
Finished Writing Synthesis Report : Time (s): cpu = 00:00:19 ; elapsed = 00:00:58 . Memory (MB): peak = 1620.578 ; gain = 270.242 ; free physical = 26963 ; free virtual = 112611
---------------------------------------------------------------------------------
Synthesis finished with 0 errors, 0 critical warnings and 1142 warnings.
Synthesis Optimization Runtime : Time (s): cpu = 00:00:19 ; elapsed = 00:00:58 . Memory (MB): peak = 1620.578 ; gain = 270.242 ; free physical = 26963 ; free virtual = 112611
Synthesis Optimization Complete : Time (s): cpu = 00:00:19 ; elapsed = 00:00:58 . Memory (MB): peak = 1620.582 ; gain = 270.242 ; free physical = 26963 ; free virtual = 112611
INFO: [Project 1-571] Translating synthesized netlist
INFO: [Project 1-570] Preparing netlist for logic optimization
INFO: [Opt 31-138] Pushed 0 inverter(s) to 0 load pin(s).
INFO: [Project 1-111] Unisim Transformation Summary:
No Unisim elements were transformed.

INFO: [Common 17-83] Releasing license: Synthesis
103 Infos, 203 Warnings, 0 Critical Warnings and 0 Errors encountered.
synth_design completed successfully
synth_design: Time (s): cpu = 00:00:22 ; elapsed = 00:01:42 . Memory (MB): peak = 1711.910 ; gain = 373.129 ; free physical = 26783 ; free virtual = 112578
INFO: [Timing 38-35] Done setting XDC timing constraints.
INFO: [Common 17-1381] The checkpoint '/data1/workspace/phucph0/new/Computer-Architecture-20202/fpga/RISC-V-syn/RISC-V-syn.runs/design_1_Risc_32_bit_0_0_synth_1/design_1_Risc_32_bit_0_0.dcp' has been generated.
write_checkpoint: Time (s): cpu = 00:00:11 ; elapsed = 00:00:40 . Memory (MB): peak = 2131.523 ; gain = 419.613 ; free physical = 25850 ; free virtual = 111794
